<?xml version="1.0" encoding="UTF-8"?>
<testsuite xmlns:xsi="http://www.w3.org/2001/XMLSchema-instance" xsi:noNamespaceSchemaLocation="https://maven.apache.org/surefire/maven-surefire-plugin/xsd/surefire-test-report.xsd" name="net.lonewolfcode.opensource.springutilities.datamagic.TestDataMagic" time="0.071" tests="34" errors="0" skipped="0" failures="0">
  <properties>
[...]
</properties>
  <testcase name="testCreateDefaultList" classname="net.lonewolfcode.opensource.springutilities.datamagic.TestDataMagic" time="0.011"/>
  <testcase name="testCreateDefaultObjectSetsPrivateString" classname="net.lonewolfcode.opensource.springutilities.datamagic.TestDataMagic" time="0"/>
  <testcase name="testCreateDefaultObjectSetsLongList" classname="net.lonewolfcode.opensource.springutilities.datamagic.TestDataMagic" time="0.001"/>
  <testcase name="testCreateDefaultObjectSetsLongWrapper" classname="net.lonewolfcode.opensource.springutilities.datamagic.TestDataMagic" time="0"/>
  <testcase name="testCreateDefaultObjectSetsByteList" classname="net.lonewolfcode.opensource.springutilities.datamagic.TestDataMagic" time="0.001"/>
  <testcase name="testCreateDefaultObjectSetsCharWrapper" classname="net.lonewolfcode.opensource.springutilities.datamagic.TestDataMagic" time="0.001"/>
  <testcase name="testCreateDefaultObjectSetsDoubleList" classname="net.lonewolfcode.opensource.springutilities.datamagic.TestDataMagic" time="0.001"/>
  <testcase name="testCreateDefaultObjectSetsBoolean" classname="net.lonewolfcode.opensource.springutilities.datamagic.TestDataMagic" time="0"/>
  <testcase name="testCreateDefaultObjectSetsShortWrapper" classname="net.lonewolfcode.opensource.springutilities.datamagic.TestDataMagic" time="0.001"/>
  <testcase name="testCreateDefaultObjectSetsBooleanWrapper" classname="net.lonewolfcode.opensource.springutilities.datamagic.TestDataMagic" time="0"/>
  <testcase name="testCreateDefaultObjectSetsDoubleWrapper" classname="net.lonewolfcode.opensource.springutilities.datamagic.TestDataMagic" time="0.001"/>
  <testcase name="testCreateDefaultObjectSetsIntegerList" classname="net.lonewolfcode.opensource.springutilities.datamagic.TestDataMagic" time="0"/>
  <testcase name="testCreateDefaultObjectSetsFloatWrapper" classname="net.lonewolfcode.opensource.springutilities.datamagic.TestDataMagic" time="0"/>
  <testcase name="testCreateDefaultObjectSetsFloat" classname="net.lonewolfcode.opensource.springutilities.datamagic.TestDataMagic" time="0.001"/>
  <testcase name="testCreateDefaultObjectSetsShort" classname="net.lonewolfcode.opensource.springutilities.datamagic.TestDataMagic" time="0"/>
  <testcase name="testCreateDefaultObjectSetsIntegerWrapper" classname="net.lonewolfcode.opensource.springutilities.datamagic.TestDataMagic" time="0.001"/>
  <testcase name="testCreateDefaultObjectSetsFloatList" classname="net.lonewolfcode.opensource.springutilities.datamagic.TestDataMagic" time="0"/>
  <testcase name="testCreateDefaultObjectSetsShortList" classname="net.lonewolfcode.opensource.springutilities.datamagic.TestDataMagic" time="0.001"/>
  <testcase name="testCreateDefaultObjectSetsCharacterList" classname="net.lonewolfcode.opensource.springutilities.datamagic.TestDataMagic" time="0"/>
  <testcase name="testCreateDefaultObjectSetsByteWrapper" classname="net.lonewolfcode.opensource.springutilities.datamagic.TestDataMagic" time="0"/>
  <testcase name="testGetAnnotatedMethods" classname="net.lonewolfcode.opensource.springutilities.datamagic.TestDataMagic" time="0.002"/>
  <testcase name="testCreateDefaultObjectSetsCustomObject" classname="net.lonewolfcode.opensource.springutilities.datamagic.TestDataMagic" time="0"/>
  <testcase name="testCreateDefaultObjectSetsStringList" classname="net.lonewolfcode.opensource.springutilities.datamagic.TestDataMagic" time="0"/>
  <testcase name="testCreateDefaultListWithImportantFlagAndMultipleItems" classname="net.lonewolfcode.opensource.springutilities.datamagic.TestDataMagic" time="0.002"/>
  <testcase name="testCreateDefaultObjectSetsInteger" classname="net.lonewolfcode.opensource.springutilities.datamagic.TestDataMagic" time="0.001"/>
  <testcase name="testCreateDefaultObjectSetsBooleanList" classname="net.lonewolfcode.opensource.springutilities.datamagic.TestDataMagic" time="0"/>
  <testcase name="testCreateDefaultObjectSetsOnlyImportantFields" classname="net.lonewolfcode.opensource.springutilities.datamagic.TestDataMagic" time="0"/>
  <testcase name="testCreateDefaultObjectSetsCustomObjectList" classname="net.lonewolfcode.opensource.springutilities.datamagic.TestDataMagic" time="0.001"/>
  <testcase name="testCreateDefaultObjectSetsDouble" classname="net.lonewolfcode.opensource.springutilities.datamagic.TestDataMagic" time="0"/>
  <testcase name="testCreateDefaultListWithImportantTag" classname="net.lonewolfcode.opensource.springutilities.datamagic.TestDataMagic" time="0"/>
  <testcase name="testCreateDefaultObjectSetsByte" classname="net.lonewolfcode.opensource.springutilities.datamagic.TestDataMagic" time="0"/>
  <testcase name="testCreateDefaultObjectSetsChar" classname="net.lonewolfcode.opensource.springutilities.datamagic.TestDataMagic" time="0.001"/>
  <testcase name="testCreateDefaultObjectSetsLong" classname="net.lonewolfcode.opensource.springutilities.datamagic.TestDataMagic" time="0"/>
  <testcase name="testCreateDefaultListWithMultipleItems" classname="net.lonewolfcode.opensource.springutilities.datamagic.TestDataMagic" time="0.003"/>
</testsuite>